[04Aug2025 00:00:34.092] [Server thread/WARN] [net.minecraft.world.level.chunk.LevelChunk/]: Tried to load a DUMMY block entity @ BlockPos{x=3851, y=24, z=108} but found not block entity block Block{minecraft:water}[level=2] at location
[04Aug2025 00:00:34.116] [Server thread/WARN] [net.minecraft.world.level.chunk.LevelChunk/]: Tried to load a block entity for block Block{minecraft:water}[level=2] but failed at location BlockPos{x=3851, y=24, z=108}
[04Aug2025 00:02:39.772] [Server thread/INFO] [net.minecraft.server.dedicated.DedicatedServer/]: Teleported DiamondKingX to PredatorX_2000
[04Aug2025 00:04:03.660] [Server thread/WARN] [net.minecraft.server.level.ServerLevel/]: Tried to add entity peru_mod:caiman_spawner but it was marked as removed already
[04Aug2025 00:04:19.015] [Server thread/INFO] [armorplus/]: Charge at: 41
[04Aug2025 00:06:50.222] [Server thread/INFO] [armorplus/]: Charge at: 5
[04Aug2025 00:12:37.831] [Server thread/INFO] [armorplus/]: Charge at: 31
[04Aug2025 00:12:53.083] [Server thread/INFO] [armorplus/]: Charge at: 38
[04Aug2025 00:12:54.877] [Server thread/INFO] [armorplus/]: Charge at: 25
[04Aug2025 00:12:55.921] [Server thread/INFO] [armorplus/]: Charge at: 20
[04Aug2025 00:13:16.773] [Server thread/INFO] [armorplus/]: Charge at: 29
[04Aug2025 00:13:18.215] [Server thread/INFO] [armorplus/]: Charge at: 26
[04Aug2025 00:13:19.676] [Server thread/INFO] [armorplus/]: Charge at: 27
[04Aug2025 00:13:29.270] [Server thread/INFO] [armorplus/]: Charge at: 23
[04Aug2025 00:13:34.029] [Server thread/INFO] [armorplus/]: Charge at: 22
[04Aug2025 00:13:37.382] [Server thread/INFO] [armorplus/]: Charge at: 63
[04Aug2025 00:13:57.816] [Server thread/WARN] [net.minecraft.server.level.ServerPlayerGameMode/]: Mismatch in destroy block pos: BlockPos{x=3177, y=88, z=-447} BlockPos{x=3176, y=87, z=-447}
[04Aug2025 00:21:06.641] [Server thread/WARN] [net.minecraft.server.network.ServerGamePacketListenerImpl/]: DiamondKingX moved too quickly! 9.528553580458265,-2.5892595305735995,-6.636270489915432
[04Aug2025 00:22:01.014] [Server thread/INFO] [armorplus/]: Charge at: 1
[04Aug2025 00:27:35.975] [Server thread/WARN] [net.minecraft.world.level.chunk.LevelChunk/]: Tried to load a DUMMY block entity @ BlockPos{x=3180, y=54, z=-2005} but found not block entity block Block{minecraft:water}[level=0] at location
[04Aug2025 00:27:35.978] [Server thread/WARN] [net.minecraft.world.level.chunk.LevelChunk/]: Tried to load a block entity for block Block{minecraft:water}[level=0] but failed at location BlockPos{x=3180, y=54, z=-2005}
[04Aug2025 00:28:19.610] [Server thread/WARN] [net.minecraft.server.MinecraftServer/]: Can't keep up! Is the server overloaded? Running 3025ms or 60 ticks behind
[04Aug2025 00:29:23.781] [Server thread/WARN] [net.minecraft.server.level.ServerPlayerGameMode/]: Mismatch in destroy block pos: BlockPos{x=2925, y=63, z=-1685} BlockPos{x=2925, y=64, z=-1684}
[04Aug2025 00:29:23.836] [Server thread/WARN] [net.minecraft.server.level.ServerPlayerGameMode/]: Mismatch in destroy block pos: BlockPos{x=2925, y=63, z=-1685} BlockPos{x=2925, y=64, z=-1684}
[04Aug2025 00:29:27.314] [Server thread/WARN] [net.minecraft.server.level.ServerPlayerGameMode/]: Mismatch in destroy block pos: BlockPos{x=2926, y=63, z=-1693} BlockPos{x=2926, y=64, z=-1692}
[04Aug2025 00:29:27.334] [Server thread/WARN] [net.minecraft.server.level.ServerPlayerGameMode/]: Mismatch in destroy block pos: BlockPos{x=2926, y=63, z=-1693} BlockPos{x=2926, y=64, z=-1692}
[04Aug2025 00:30:53.258] [Server thread/ERROR] [net.minecraft.Util/]: Invalid entity rotation: NaN, discarding.
[04Aug2025 00:30:53.361] [Server thread/ERROR] [net.minecraft.Util/]: Invalid entity rotation: NaN, discarding.
[04Aug2025 00:30:53.461] [Server thread/ERROR] [net.minecraft.Util/]: Invalid entity rotation: NaN, discarding.
[04Aug2025 00:30:53.564] [Server thread/ERROR] [net.minecraft.Util/]: Invalid entity rotation: NaN, discarding.
[04Aug2025 00:30:53.658] [Server thread/ERROR] [net.minecraft.Util/]: Invalid entity rotation: NaN, discarding.
[04Aug2025 00:31:00.857] [Server thread/ERROR] [net.minecraft.Util/]: Invalid entity rotation: NaN, discarding.
[04Aug2025 00:31:00.959] [Server thread/ERROR] [net.minecraft.Util/]: Invalid entity rotation: NaN, discarding.
[04Aug2025 00:31:01.416] [Server thread/INFO] [net.minecraft.server.dedicated.DedicatedServer/]: Teleported DiamondKingX to PredatorX_2000
[04Aug2025 00:31:54.102] [Server thread/INFO] [net.minecraft.server.dedicated.DedicatedServer/]: PredatorX_2000 has made the advancement [Clash of the Titans]
[04Aug2025 00:34:28.127] [Server thread/INFO] [armorplus/]: Charge at: 21
[04Aug2025 00:34:46.870] [Server thread/INFO] [armorplus/]: Charge at: 24
[04Aug2025 00:34:48.922] [Server thread/INFO] [armorplus/]: Charge at: 38
[04Aug2025 00:34:49.063] [Server thread/INFO] [armorplus/]: Charge at: 1
[04Aug2025 00:34:50.970] [Server thread/INFO] [armorplus/]: Charge at: 37
[04Aug2025 00:34:53.020] [Server thread/INFO] [armorplus/]: Charge at: 38
[04Aug2025 00:34:54.170] [Server thread/INFO] [armorplus/]: Charge at: 21
[04Aug2025 00:34:55.521] [Server thread/INFO] [armorplus/]: Charge at: 26
[04Aug2025 00:35:27.157] [Server thread/INFO] [net.minecraft.server.dedicated.DedicatedServer/]: PredatorX_2000 has made the advancement [A Flaming Sword]
[04Aug2025 00:35:58.506] [Server thread/INFO] [armorplus/]: Charge at: 90
[04Aug2025 00:36:02.405] [Server thread/INFO] [armorplus/]: Charge at: 26
[04Aug2025 00:36:04.650] [Server thread/INFO] [armorplus/]: Charge at: 53
[04Aug2025 00:36:04.914] [Server thread/INFO] [armorplus/]: Charge at: 39
[04Aug2025 00:36:07.469] [Server thread/INFO] [armorplus/]: Charge at: 47
[04Aug2025 00:36:08.455] [Server thread/INFO] [armorplus/]: Charge at: 41
[04Aug2025 00:36:11.853] [Server thread/INFO] [armorplus/]: Charge at: 86
[04Aug2025 00:36:11.854] [Server thread/INFO] [armorplus/]: Charge at: 52
[04Aug2025 00:36:13.707] [Server thread/INFO] [armorplus/]: Charge at: 28
[04Aug2025 00:36:15.111] [Server thread/INFO] [armorplus/]: Charge at: 60
[04Aug2025 00:36:19.875] [Server thread/INFO] [armorplus/]: Charge at: 34
[04Aug2025 00:36:23.953] [Server thread/INFO] [armorplus/]: Charge at: 43
[04Aug2025 00:36:25.268] [Server thread/INFO] [armorplus/]: Charge at: 34
[04Aug2025 00:36:25.756] [Server thread/INFO] [armorplus/]: Charge at: 27
[04Aug2025 00:36:28.701] [Server thread/INFO] [armorplus/]: Charge at: 55
[04Aug2025 00:36:31.151] [Server thread/INFO] [armorplus/]: Charge at: 39
[04Aug2025 00:36:33.601] [Server thread/INFO] [armorplus/]: Charge at: 29
[04Aug2025 00:36:35.018] [Server thread/INFO] [armorplus/]: Charge at: 29
[04Aug2025 00:36:35.603] [Server thread/INFO] [armorplus/]: Charge at: 32
[04Aug2025 00:36:37.454] [Server thread/INFO] [armorplus/]: Charge at: 30
[04Aug2025 00:36:38.368] [Server thread/INFO] [armorplus/]: Charge at: 29
[04Aug2025 00:36:39.702] [Server thread/INFO] [armorplus/]: Charge at: 36
[04Aug2025 00:36:41.604] [Server thread/INFO] [armorplus/]: Charge at: 32
[04Aug2025 00:38:52.060] [Server thread/INFO] [armorplus/]: Charge at: 35
[04Aug2025 00:41:27.395] [Server thread/INFO] [net.minecraft.world.entity.npc.Villager/]: Villager Villager['Villager'/123544, l='ServerLevel[world]', x=2989.50, y=74.00, z=-1979.40] died, message: 'Villager was slain by Ice Dragon'
[04Aug2025 00:41:41.649] [Server thread/INFO] [net.minecraft.world.entity.npc.Villager/]: Villager Villager['Villager'/123570, l='ServerLevel[world]', x=2978.01, y=72.00, z=-1931.99] died, message: 'Villager was turned to ice by Ice Dragon'
[04Aug2025 00:41:52.222] [Server thread/INFO] [armorplus/]: Charge at: 19
[04Aug2025 00:41:53.815] [Server thread/INFO] [armorplus/]: Charge at: 20
[04Aug2025 00:41:55.377] [Server thread/INFO] [armorplus/]: Charge at: 26
[04Aug2025 00:41:56.769] [Server thread/INFO] [armorplus/]: Charge at: 23
[04Aug2025 00:41:58.165] [Server thread/INFO] [armorplus/]: Charge at: 27
[04Aug2025 00:46:53.260] [Server thread/INFO] [armorplus/]: Charge at: 40
[04Aug2025 00:46:54.710] [Server thread/INFO] [armorplus/]: Charge at: 24
[04Aug2025 00:46:56.310] [Server thread/INFO] [armorplus/]: Charge at: 29
[04Aug2025 00:46:58.213] [Server thread/INFO] [armorplus/]: Charge at: 32
[04Aug2025 00:46:59.813] [Server thread/INFO] [armorplus/]: Charge at: 24
[04Aug2025 00:47:01.312] [Server thread/INFO] [armorplus/]: Charge at: 16
[04Aug2025 00:47:01.347] [Server thread/INFO] [net.minecraft.server.dedicated.DedicatedServer/]: PredatorX_2000 has made the advancement [Dragonslayer]
[04Aug2025 00:47:24.365] [Server thread/INFO] [armorplus/]: Charge at: 23
[04Aug2025 00:47:26.516] [Server thread/INFO] [armorplus/]: Charge at: 40
[04Aug2025 00:47:27.876] [Server thread/INFO] [armorplus/]: Charge at: 26
[04Aug2025 00:47:29.412] [Server thread/INFO] [armorplus/]: Charge at: 29
[04Aug2025 00:47:31.121] [Server thread/INFO] [armorplus/]: Charge at: 31
[04Aug2025 00:48:09.360] [Server thread/WARN] [net.minecraft.server.MinecraftServer/]: Can't keep up! Is the server overloaded? Running 3974ms or 79 ticks behind
[04Aug2025 00:49:13.625] [Server thread/INFO] [armorplus/]: Charge at: 30
[04Aug2025 00:49:15.629] [Server thread/INFO] [armorplus/]: Charge at: 37
[04Aug2025 00:49:17.411] [Server thread/INFO] [armorplus/]: Charge at: 34
[04Aug2025 00:49:19.103] [Server thread/INFO] [armorplus/]: Charge at: 33
[04Aug2025 00:49:21.199] [Server thread/INFO] [armorplus/]: Charge at: 40
[04Aug2025 00:49:22.769] [Server thread/INFO] [armorplus/]: Charge at: 31
[04Aug2025 00:49:24.321] [Server thread/INFO] [armorplus/]: Charge at: 30
[04Aug2025 00:49:25.866] [Server thread/INFO] [armorplus/]: Charge at: 28
[04Aug2025 00:50:36.526] [Server thread/INFO] [armorplus/]: Charge at: 30
[04Aug2025 00:50:38.404] [Server thread/INFO] [armorplus/]: Charge at: 35
[04Aug2025 00:50:43.076] [Server thread/INFO] [armorplus/]: Charge at: 87
[04Aug2025 00:50:45.025] [Server thread/INFO] [armorplus/]: Charge at: 28
[04Aug2025 00:50:47.927] [Server thread/INFO] [armorplus/]: Charge at: 56
[04Aug2025 00:50:55.076] [Server thread/INFO] [armorplus/]: Charge at: 138
[04Aug2025 00:54:05.309] [Server thread/INFO] [armorplus/]: Charge at: 33
[04Aug2025 00:54:07.423] [Server thread/INFO] [armorplus/]: Charge at: 32
[04Aug2025 00:54:09.573] [Server thread/INFO] [armorplus/]: Charge at: 32
[04Aug2025 00:54:11.618] [Server thread/INFO] [armorplus/]: Charge at: 35
[04Aug2025 00:54:13.921] [Server thread/INFO] [armorplus/]: Charge at: 30
[04Aug2025 00:54:16.220] [Server thread/INFO] [armorplus/]: Charge at: 40
[04Aug2025 00:54:18.630] [Server thread/INFO] [armorplus/]: Charge at: 31
[04Aug2025 00:54:20.726] [Server thread/INFO] [armorplus/]: Charge at: 34
[04Aug2025 00:56:02.715] [Server thread/INFO] [net.minecraft.server.dedicated.DedicatedServer/]: DiamondKingX has reached the goal [Ice Scream]
[04Aug2025 00:56:09.058] [Server thread/INFO] [armorplus/]: Charge at: 20
[04Aug2025 00:56:10.571] [Server thread/INFO] [armorplus/]: Charge at: 26
[04Aug2025 00:56:58.366] [Server thread/INFO] [net.minecraft.server.dedicated.DedicatedServer/]: DiamondKingX has made the advancement [An Impostor Amoung Us]
[04Aug2025 01:03:14.952] [Server thread/INFO] [net.minecraft.server.dedicated.DedicatedServer/]: <DiamondKingX> 2492 74 -2227
[04Aug2025 01:03:16.914] [Server thread/INFO] [net.minecraft.server.dedicated.DedicatedServer/]: <DiamondKingX> 2492 74 -2227
[04Aug2025 01:05:16.960] [Server thread/INFO] [net.minecraft.server.dedicated.DedicatedServer/]: <DiamondKingX> 2492 74 -2227
[04Aug2025 01:08:15.851] [Server thread/INFO] [armorplus/]: Charge at: 51
[04Aug2025 01:08:18.498] [Server thread/INFO] [armorplus/]: Charge at: 37
[04Aug2025 01:08:22.380] [Server thread/INFO] [armorplus/]: Charge at: 24
[04Aug2025 01:08:24.119] [Server thread/INFO] [armorplus/]: Charge at: 33
[04Aug2025 01:08:26.170] [Server thread/INFO] [armorplus/]: Charge at: 23
[04Aug2025 01:09:00.946] [Server thread/INFO] [armorplus/]: Charge at: 54
[04Aug2025 01:09:03.871] [Server thread/INFO] [armorplus/]: Charge at: 18
[04Aug2025 01:09:05.715] [Server thread/INFO] [armorplus/]: Charge at: 25
[04Aug2025 01:09:07.619] [Server thread/INFO] [armorplus/]: Charge at: 34
[04Aug2025 01:12:17.882] [Server thread/INFO] [armorplus/]: Charge at: 50
[04Aug2025 01:12:19.576] [Server thread/INFO] [armorplus/]: Charge at: 32
[04Aug2025 01:12:20.973] [Server thread/INFO] [armorplus/]: Charge at: 25
[04Aug2025 01:12:21.651] [Server thread/INFO] [armorplus/]: Charge at: 21
[04Aug2025 01:12:23.218] [Server thread/INFO] [armorplus/]: Charge at: 31
[04Aug2025 01:12:25.065] [Server thread/INFO] [armorplus/]: Charge at: 34
[04Aug2025 01:12:26.771] [Server thread/INFO] [armorplus/]: Charge at: 33
[04Aug2025 01:12:28.404] [Server thread/INFO] [armorplus/]: Charge at: 19
[04Aug2025 01:12:29.520] [Server thread/INFO] [armorplus/]: Charge at: 26
[04Aug2025 01:12:29.752] [Server thread/INFO] [armorplus/]: Charge at: 23
[04Aug2025 01:12:31.273] [Server thread/INFO] [armorplus/]: Charge at: 32
[04Aug2025 01:12:32.102] [Server thread/INFO] [armorplus/]: Charge at: 37
[04Aug2025 01:12:33.024] [Server thread/INFO] [armorplus/]: Charge at: 32
[04Aug2025 01:12:35.329] [Server thread/INFO] [armorplus/]: Charge at: 44
[04Aug2025 01:12:36.766] [Server thread/INFO] [armorplus/]: Charge at: 25
[04Aug2025 01:12:38.419] [Server thread/INFO] [armorplus/]: Charge at: 31
[04Aug2025 01:12:39.768] [Server thread/INFO] [armorplus/]: Charge at: 26
[04Aug2025 01:12:41.251] [Server thread/INFO] [armorplus/]: Charge at: 28
[04Aug2025 01:12:42.152] [Server thread/INFO] [armorplus/]: Charge at: 25
[04Aug2025 01:12:42.607] [Server thread/INFO] [armorplus/]: Charge at: 26
[04Aug2025 01:12:44.101] [Server thread/INFO] [armorplus/]: Charge at: 29
[04Aug2025 01:12:44.304] [Server thread/INFO] [armorplus/]: Charge at: 35
[04Aug2025 01:12:45.866] [Server thread/INFO] [armorplus/]: Charge at: 22
[04Aug2025 01:12:46.302] [Server thread/INFO] [armorplus/]: Charge at: 29
[04Aug2025 01:12:47.576] [Server thread/INFO] [armorplus/]: Charge at: 32
[04Aug2025 01:12:48.202] [Server thread/INFO] [armorplus/]: Charge at: 30
[04Aug2025 01:12:49.020] [Server thread/INFO] [armorplus/]: Charge at: 25
[04Aug2025 01:12:50.153] [Server thread/INFO] [armorplus/]: Charge at: 32
[04Aug2025 01:12:51.799] [Server thread/INFO] [net.minecraft.world.entity.npc.Villager/]: Villager Villager['Villager'/141083, l='ServerLevel[world]', x=2502.51, y=69.00, z=-2350.62] died, message: 'Villager was shot by DiamondKingX'
